actionid: tox
msg: packaging
cmdargs: ['/usr/bin/python', local('/home/tech0/WorkSpace_Elementry/Git_repos/own_repo/Instagram-Tweet/setup.py'), 'sdist', '--formats=zip', '--dist-dir', local('/home/tech0/WorkSpace_Elementry/Git_repos/own_repo/Instagram-Tweet/.tox/dist')]

running sdist
running egg_info
writing requirements to insta_tweet.egg-info/requires.txt
writing insta_tweet.egg-info/PKG-INFO
writing top-level names to insta_tweet.egg-info/top_level.txt
writing dependency_links to insta_tweet.egg-info/dependency_links.txt
writing entry points to insta_tweet.egg-info/entry_points.txt
reading manifest file 'insta_tweet.egg-info/SOURCES.txt'
reading manifest template 'MANIFEST.in'
warning: no previously-included files matching '__pycache__' found under directory '*'
warning: no files found matching '*.jpg' under directory 'docs'
warning: no files found matching '*.png' under directory 'docs'
warning: no files found matching '*.gif' under directory 'docs'
writing manifest file 'insta_tweet.egg-info/SOURCES.txt'
running check
creating insta_tweet-1.0
creating insta_tweet-1.0/docs
creating insta_tweet-1.0/insta_tweet
creating insta_tweet-1.0/insta_tweet.egg-info
creating insta_tweet-1.0/tests
making hard links in insta_tweet-1.0...
hard linking AUTHORS.rst -> insta_tweet-1.0
hard linking CONTRIBUTING.rst -> insta_tweet-1.0
hard linking HISTORY.rst -> insta_tweet-1.0
hard linking LICENSE -> insta_tweet-1.0
hard linking MANIFEST.in -> insta_tweet-1.0
hard linking README.rst -> insta_tweet-1.0
hard linking setup.cfg -> insta_tweet-1.0
hard linking setup.py -> insta_tweet-1.0
hard linking docs/Makefile -> insta_tweet-1.0/docs
hard linking docs/authors.rst -> insta_tweet-1.0/docs
hard linking docs/conf.py -> insta_tweet-1.0/docs
hard linking docs/contributing.rst -> insta_tweet-1.0/docs
hard linking docs/history.rst -> insta_tweet-1.0/docs
hard linking docs/index.rst -> insta_tweet-1.0/docs
hard linking docs/installation.rst -> insta_tweet-1.0/docs
hard linking docs/make.bat -> insta_tweet-1.0/docs
hard linking docs/readme.rst -> insta_tweet-1.0/docs
hard linking docs/usage.rst -> insta_tweet-1.0/docs
hard linking insta_tweet/__init__.py -> insta_tweet-1.0/insta_tweet
hard linking insta_tweet/insta_tweet.py -> insta_tweet-1.0/insta_tweet
hard linking insta_tweet.egg-info/PKG-INFO -> insta_tweet-1.0/insta_tweet.egg-info
hard linking insta_tweet.egg-info/SOURCES.txt -> insta_tweet-1.0/insta_tweet.egg-info
hard linking insta_tweet.egg-info/dependency_links.txt -> insta_tweet-1.0/insta_tweet.egg-info
hard linking insta_tweet.egg-info/entry_points.txt -> insta_tweet-1.0/insta_tweet.egg-info
hard linking insta_tweet.egg-info/not-zip-safe -> insta_tweet-1.0/insta_tweet.egg-info
hard linking insta_tweet.egg-info/requires.txt -> insta_tweet-1.0/insta_tweet.egg-info
hard linking insta_tweet.egg-info/top_level.txt -> insta_tweet-1.0/insta_tweet.egg-info
hard linking tests/__init__.py -> insta_tweet-1.0/tests
hard linking tests/test_insta_tweet.py -> insta_tweet-1.0/tests
copying setup.cfg -> insta_tweet-1.0
Writing insta_tweet-1.0/setup.cfg
creating '.tox/dist/insta_tweet-1.0.zip' and adding 'insta_tweet-1.0' to it
adding 'insta_tweet-1.0/LICENSE'
adding 'insta_tweet-1.0/AUTHORS.rst'
adding 'insta_tweet-1.0/MANIFEST.in'
adding 'insta_tweet-1.0/PKG-INFO'
adding 'insta_tweet-1.0/setup.cfg'
adding 'insta_tweet-1.0/CONTRIBUTING.rst'
adding 'insta_tweet-1.0/setup.py'
adding 'insta_tweet-1.0/HISTORY.rst'
adding 'insta_tweet-1.0/README.rst'
adding 'insta_tweet-1.0/insta_tweet/insta_tweet.py'
adding 'insta_tweet-1.0/insta_tweet/__init__.py'
adding 'insta_tweet-1.0/insta_tweet.egg-info/entry_points.txt'
adding 'insta_tweet-1.0/insta_tweet.egg-info/requires.txt'
adding 'insta_tweet-1.0/insta_tweet.egg-info/SOURCES.txt'
adding 'insta_tweet-1.0/insta_tweet.egg-info/not-zip-safe'
adding 'insta_tweet-1.0/insta_tweet.egg-info/PKG-INFO'
adding 'insta_tweet-1.0/insta_tweet.egg-info/top_level.txt'
adding 'insta_tweet-1.0/insta_tweet.egg-info/dependency_links.txt'
adding 'insta_tweet-1.0/docs/Makefile'
adding 'insta_tweet-1.0/docs/history.rst'
adding 'insta_tweet-1.0/docs/usage.rst'
adding 'insta_tweet-1.0/docs/contributing.rst'
adding 'insta_tweet-1.0/docs/index.rst'
adding 'insta_tweet-1.0/docs/conf.py'
adding 'insta_tweet-1.0/docs/authors.rst'
adding 'insta_tweet-1.0/docs/installation.rst'
adding 'insta_tweet-1.0/docs/make.bat'
adding 'insta_tweet-1.0/docs/readme.rst'
adding 'insta_tweet-1.0/tests/test_insta_tweet.py'
adding 'insta_tweet-1.0/tests/__init__.py'
removing 'insta_tweet-1.0' (and everything under it)
