actionid: flake8
msg: getenv
cmdargs: ['/home/tech0/WorkSpace_Elementry/Git_repos/own_repo/Instagram-Tweet/.tox/flake8/bin/pip', 'install', 'flake8']

Collecting flake8
  Downloading https://files.pythonhosted.org/packages/b9/dc/14e9d94c770b8c4ef584e906c7583e74864786a58d47de101f2767d50c0b/flake8-3.5.0-py2.py3-none-any.whl (69kB)
Collecting enum34; python_version < "3.4" (from flake8)
  Downloading https://files.pythonhosted.org/packages/c5/db/e56e6b4bbac7c4a06de1c50de6fe1ef3810018ae11732a50f15f62c7d050/enum34-1.1.6-py2-none-any.whl
Collecting mccabe<0.7.0,>=0.6.0 (from flake8)
  Downloading https://files.pythonhosted.org/packages/87/89/479dc97e18549e21354893e4ee4ef36db1d237534982482c3681ee6e7b57/mccabe-0.6.1-py2.py3-none-any.whl
Collecting pyflakes<1.7.0,>=1.5.0 (from flake8)
  Downloading https://files.pythonhosted.org/packages/d7/40/733bcc64da3161ae4122c11e88269f276358ca29335468005cb0ee538665/pyflakes-1.6.0-py2.py3-none-any.whl (227kB)
Collecting configparser; python_version < "3.2" (from flake8)
  Downloading https://files.pythonhosted.org/packages/7c/69/c2ce7e91c89dc073eb1aa74c0621c3eefbffe8216b3f9af9d3885265c01c/configparser-3.5.0.tar.gz
Collecting pycodestyle<2.4.0,>=2.0.0 (from flake8)
  Downloading https://files.pythonhosted.org/packages/e4/81/78fe51eb4038d1388b7217dd63770b0f428370207125047312886c923b26/pycodestyle-2.3.1-py2.py3-none-any.whl (45kB)
Building wheels for collected packages: configparser
  Running setup.py bdist_wheel for configparser: started
  Running setup.py bdist_wheel for configparser: finished with status 'done'
  Stored in directory: /home/tech0/.cache/pip/wheels/a3/61/79/424ef897a2f3b14684a7de5d89e8600b460b89663e6ce9d17c
Successfully built configparser
Installing collected packages: enum34, mccabe, pyflakes, configparser, pycodestyle, flake8
Successfully installed configparser-3.5.0 enum34-1.1.6 flake8-3.5.0 mccabe-0.6.1 pycodestyle-2.3.1 pyflakes-1.6.0
